{"level":"info","message":"MongoDB connected...","service":"user-service","timestamp":"2024-08-14 12:15:57"}
{"level":"info","message":"Server running on port 8081","service":"user-service","timestamp":"2024-08-14 12:15:57"}
{"level":"info","message":"MongoDB connected...","service":"user-service","timestamp":"2024-08-14 12:20:15"}
{"level":"info","message":"Server running on port 8081","service":"user-service","timestamp":"2024-08-14 12:20:15"}
{"level":"info","message":"MongoDB connected...","service":"user-service","timestamp":"2024-08-14 12:20:44"}
{"level":"info","message":"Server running on port 8081","service":"user-service","timestamp":"2024-08-14 12:20:44"}
{"level":"info","message":"MongoDB connected...","service":"user-service","timestamp":"2024-08-14 12:24:56"}
{"level":"info","message":"Server running on port 8081","service":"user-service","timestamp":"2024-08-14 12:24:56"}
{"level":"info","message":"MongoDB connected...","service":"user-service","timestamp":"2024-08-14 12:25:06"}
{"level":"info","message":"Server running on port 8081","service":"user-service","timestamp":"2024-08-14 12:25:06"}
{"level":"info","message":"MongoDB connected...","service":"user-service","timestamp":"2024-08-14 12:25:13"}
{"level":"info","message":"Server running on port 8081","service":"user-service","timestamp":"2024-08-14 12:25:13"}
{"level":"info","message":"MongoDB connected...","service":"user-service","timestamp":"2024-08-14 12:25:46"}
{"level":"info","message":"Server running on port 8081","service":"user-service","timestamp":"2024-08-14 12:25:46"}
{"level":"info","message":"MongoDB connected...","service":"user-service","timestamp":"2024-08-14 12:30:29"}
{"level":"info","message":"Server running on port 8081","service":"user-service","timestamp":"2024-08-14 12:30:29"}
{"level":"info","message":"MongoDB connected...","service":"user-service","timestamp":"2024-08-14 12:34:20"}
{"level":"info","message":"Server running on port 8081","service":"user-service","timestamp":"2024-08-14 12:34:20"}
{"level":"info","message":"MongoDB connected...","service":"user-service","timestamp":"2024-08-14 12:35:08"}
{"level":"info","message":"Server running on port 8081","service":"user-service","timestamp":"2024-08-14 12:35:08"}
{"level":"info","message":"MongoDB connected...","service":"user-service","timestamp":"2024-08-14 12:35:48"}
{"level":"info","message":"Server running on port 8081","service":"user-service","timestamp":"2024-08-14 12:35:48"}
{"level":"info","message":"MongoDB connected...","service":"user-service","timestamp":"2024-08-14 12:42:49"}
{"level":"info","message":"Server running on port 8081","service":"user-service","timestamp":"2024-08-14 12:42:49"}
{"level":"info","message":"MongoDB connected...","service":"user-service","timestamp":"2024-08-14 12:56:04"}
{"level":"info","message":"Server running on port 8081","service":"user-service","timestamp":"2024-08-14 12:56:04"}
{"level":"info","message":"MongoDB connected...","service":"user-service","timestamp":"2024-08-14 12:56:15"}
{"level":"info","message":"Server running on port 8081","service":"user-service","timestamp":"2024-08-14 12:56:15"}
{"level":"info","message":"MongoDB connected...","service":"user-service","timestamp":"2024-08-14 12:57:34"}
{"level":"info","message":"Server running on port 8081","service":"user-service","timestamp":"2024-08-14 12:57:34"}
{"level":"info","message":"MongoDB connected...","service":"user-service","timestamp":"2024-08-14 13:03:15"}
{"level":"info","message":"Server running on port 8081","service":"user-service","timestamp":"2024-08-14 13:03:15"}
{"level":"info","message":"MongoDB connected...","service":"user-service","timestamp":"2024-08-14 13:06:31"}
{"level":"info","message":"Server running on port 8081","service":"user-service","timestamp":"2024-08-14 13:06:31"}
{"level":"info","message":"MongoDB connected...","service":"user-service","timestamp":"2024-08-14 13:09:04"}
{"level":"info","message":"Server running on port 8081","service":"user-service","timestamp":"2024-08-14 13:09:04"}
{"level":"info","message":"MongoDB connected...","service":"user-service","timestamp":"2024-08-14 13:09:12"}
{"level":"info","message":"Server running on port 8081","service":"user-service","timestamp":"2024-08-14 13:09:12"}
{"level":"info","message":"MongoDB connected...","service":"user-service","timestamp":"2024-08-14 13:09:39"}
{"level":"info","message":"Server running on port 8081","service":"user-service","timestamp":"2024-08-14 13:09:39"}
{"level":"info","message":"MongoDB connected...","service":"user-service","timestamp":"2024-08-14 13:11:00"}
{"level":"info","message":"Server running on port 8081","service":"user-service","timestamp":"2024-08-14 13:11:00"}
{"level":"info","message":"MongoDB connected...","service":"user-service","timestamp":"2024-08-14 13:19:29"}
{"level":"info","message":"Server running on port 8081","service":"user-service","timestamp":"2024-08-14 13:19:29"}
{"level":"info","message":"MongoDB connected...","service":"user-service","timestamp":"2024-08-14 13:20:35"}
{"level":"info","message":"Server running on port 8081","service":"user-service","timestamp":"2024-08-14 13:20:35"}
{"level":"info","message":"MongoDB connected...","service":"user-service","timestamp":"2024-08-14 13:21:07"}
{"level":"info","message":"Server running on port 8081","service":"user-service","timestamp":"2024-08-14 13:21:07"}
{"level":"info","message":"MongoDB connected...","service":"user-service","timestamp":"2024-08-14 13:26:06"}
{"level":"info","message":"Server running on port 8081","service":"user-service","timestamp":"2024-08-14 13:26:06"}
{"level":"info","message":"MongoDB connected...","service":"user-service","timestamp":"2024-08-14 13:26:26"}
{"level":"info","message":"Server running on port 8081","service":"user-service","timestamp":"2024-08-14 13:26:26"}
{"level":"info","message":"MongoDB connected...","service":"user-service","timestamp":"2024-08-14 13:27:56"}
{"level":"info","message":"Server running on port 8081","service":"user-service","timestamp":"2024-08-14 13:27:56"}
{"level":"info","message":"MongoDB connected...","service":"user-service","timestamp":"2024-08-14 13:31:50"}
{"level":"info","message":"Server running on port 8081","service":"user-service","timestamp":"2024-08-14 13:31:50"}
{"level":"info","message":"MongoDB connected...","service":"user-service","timestamp":"2024-08-14 13:37:15"}
{"level":"info","message":"Server running on port 8081","service":"user-service","timestamp":"2024-08-14 13:37:15"}
{"level":"error","message":"500 - Missing helper: \"multiply\" - /api/carts/my-cart - GET - ::1","service":"user-service","timestamp":"2024-08-14 13:37:31"}
{"level":"info","message":"MongoDB connected...","service":"user-service","timestamp":"2024-08-14 13:41:14"}
{"level":"info","message":"Server running on port 8081","service":"user-service","timestamp":"2024-08-14 13:41:14"}
{"level":"info","message":"MongoDB connected...","service":"user-service","timestamp":"2024-08-14 13:41:18"}
{"level":"info","message":"Server running on port 8081","service":"user-service","timestamp":"2024-08-14 13:41:18"}
{"level":"info","message":"MongoDB connected...","service":"user-service","timestamp":"2024-08-14 13:46:36"}
{"level":"info","message":"Server running on port 8081","service":"user-service","timestamp":"2024-08-14 13:46:36"}
{"level":"info","message":"MongoDB connected...","service":"user-service","timestamp":"2024-08-14 13:47:18"}
{"level":"info","message":"Server running on port 8081","service":"user-service","timestamp":"2024-08-14 13:47:18"}
{"level":"error","message":"500 - Missing helper: \"multiply\" - /my-cart - GET - ::1","service":"user-service","timestamp":"2024-08-14 13:53:04"}
{"level":"info","message":"MongoDB connected...","service":"user-service","timestamp":"2024-08-14 14:02:01"}
{"level":"info","message":"Server running on port 8081","service":"user-service","timestamp":"2024-08-14 14:02:01"}
{"level":"error","message":"500 - Missing helper: \"multiply\" - /my-cart - GET - ::1","service":"user-service","timestamp":"2024-08-14 14:02:11"}
{"level":"error","message":"500 - Missing helper: \"multiply\" - /my-cart - GET - ::1","service":"user-service","timestamp":"2024-08-14 14:04:28"}
{"level":"error","message":"500 - Missing helper: \"multiply\" - /my-cart - GET - ::1","service":"user-service","timestamp":"2024-08-14 14:06:07"}
{"level":"info","message":"MongoDB connected...","service":"user-service","timestamp":"2024-08-14 14:06:23"}
{"level":"info","message":"Server running on port 8081","service":"user-service","timestamp":"2024-08-14 14:06:23"}
{"level":"error","message":"500 - Missing helper: \"multiply\" - /my-cart - GET - ::1","service":"user-service","timestamp":"2024-08-14 14:06:34"}
{"level":"info","message":"MongoDB connected...","service":"user-service","timestamp":"2024-08-14 14:08:37"}
{"level":"info","message":"Server running on port 8081","service":"user-service","timestamp":"2024-08-14 14:08:37"}
{"level":"error","message":"500 - Missing helper: \"multiply\" - /my-cart - GET - ::1","service":"user-service","timestamp":"2024-08-14 14:08:49"}
{"level":"error","message":"500 - Missing helper: \"multiply\" - /my-cart - GET - ::1","service":"user-service","timestamp":"2024-08-14 14:09:06"}
{"level":"info","message":"MongoDB connected...","service":"user-service","timestamp":"2024-08-14 14:13:36"}
{"level":"info","message":"Server running on port 8081","service":"user-service","timestamp":"2024-08-14 14:13:36"}
{"level":"error","message":"500 - Missing helper: \"multiply\" - /my-cart - GET - ::1","service":"user-service","timestamp":"2024-08-14 14:13:58"}
{"level":"info","message":"MongoDB connected...","service":"user-service","timestamp":"2024-08-14 14:15:09"}
{"level":"info","message":"Server running on port 8081","service":"user-service","timestamp":"2024-08-14 14:15:09"}
{"level":"error","message":"500 - Missing helper: \"multiply\" - /my-cart - GET - ::1","service":"user-service","timestamp":"2024-08-14 14:15:29"}
{"level":"info","message":"MongoDB connected...","service":"user-service","timestamp":"2024-08-14 14:25:21"}
{"level":"info","message":"Server running on port 8081","service":"user-service","timestamp":"2024-08-14 14:25:21"}
{"level":"info","message":"MongoDB connected...","service":"user-service","timestamp":"2024-08-14 14:35:51"}
{"level":"info","message":"Server running on port 8081","service":"user-service","timestamp":"2024-08-14 14:35:51"}
{"level":"info","message":"MongoDB connected...","service":"user-service","timestamp":"2024-08-14 14:53:42"}
{"level":"info","message":"Server running on port 8081","service":"user-service","timestamp":"2024-08-14 14:53:42"}
{"level":"info","message":"MongoDB connected...","service":"user-service","timestamp":"2024-08-14 14:55:00"}
{"level":"info","message":"Server running on port 8081","service":"user-service","timestamp":"2024-08-14 14:55:00"}
{"level":"info","message":"MongoDB connected...","service":"user-service","timestamp":"2024-08-14 14:55:10"}
{"level":"info","message":"Server running on port 8081","service":"user-service","timestamp":"2024-08-14 14:55:10"}
{"level":"info","message":"MongoDB connected...","service":"user-service","timestamp":"2024-08-14 15:12:21"}
{"level":"info","message":"Server running on port 8081","service":"user-service","timestamp":"2024-08-14 15:12:21"}
{"level":"info","message":"MongoDB connected...","service":"user-service","timestamp":"2024-08-14 15:14:09"}
{"level":"info","message":"Server running on port 8081","service":"user-service","timestamp":"2024-08-14 15:14:09"}
{"level":"info","message":"MongoDB connected...","service":"user-service","timestamp":"2024-08-14 15:14:27"}
{"level":"info","message":"Server running on port 8081","service":"user-service","timestamp":"2024-08-14 15:14:27"}
{"level":"info","message":"MongoDB connected...","service":"user-service","timestamp":"2024-08-14 15:15:14"}
{"level":"info","message":"Server running on port 8081","service":"user-service","timestamp":"2024-08-14 15:15:14"}
{"level":"info","message":"MongoDB connected...","service":"user-service","timestamp":"2024-08-14 15:15:23"}
{"level":"info","message":"Server running on port 8081","service":"user-service","timestamp":"2024-08-14 15:15:23"}
{"level":"info","message":"MongoDB connected...","service":"user-service","timestamp":"2024-08-14 15:15:25"}
{"level":"info","message":"Server running on port 8081","service":"user-service","timestamp":"2024-08-14 15:15:25"}
{"level":"info","message":"MongoDB connected...","service":"user-service","timestamp":"2024-08-14 15:15:33"}
{"level":"info","message":"Server running on port 8081","service":"user-service","timestamp":"2024-08-14 15:15:33"}
{"level":"info","message":"MongoDB connected...","service":"user-service","timestamp":"2024-08-14 15:15:36"}
{"level":"info","message":"Server running on port 8081","service":"user-service","timestamp":"2024-08-14 15:15:36"}
{"level":"info","message":"MongoDB connected...","service":"user-service","timestamp":"2024-08-14 15:15:41"}
{"level":"info","message":"Server running on port 8081","service":"user-service","timestamp":"2024-08-14 15:15:41"}
{"level":"info","message":"MongoDB connected...","service":"user-service","timestamp":"2024-08-14 15:15:44"}
{"level":"info","message":"Server running on port 8081","service":"user-service","timestamp":"2024-08-14 15:15:44"}
{"level":"info","message":"MongoDB connected...","service":"user-service","timestamp":"2024-08-14 15:17:37"}
{"level":"info","message":"Server running on port 8081","service":"user-service","timestamp":"2024-08-14 15:17:37"}
{"level":"info","message":"MongoDB connected...","service":"user-service","timestamp":"2024-08-14 15:20:19"}
{"level":"info","message":"Server running on port 8081","service":"user-service","timestamp":"2024-08-14 15:20:19"}
{"level":"info","message":"MongoDB connected...","service":"user-service","timestamp":"2024-08-14 15:20:27"}
{"level":"info","message":"Server running on port 8081","service":"user-service","timestamp":"2024-08-14 15:20:27"}
{"level":"info","message":"MongoDB connected...","service":"user-service","timestamp":"2024-08-14 15:20:30"}
{"level":"info","message":"Server running on port 8081","service":"user-service","timestamp":"2024-08-14 15:20:30"}
{"level":"info","message":"MongoDB connected...","service":"user-service","timestamp":"2024-08-14 15:20:37"}
{"level":"info","message":"Server running on port 8081","service":"user-service","timestamp":"2024-08-14 15:20:37"}
{"level":"info","message":"MongoDB connected...","service":"user-service","timestamp":"2024-08-14 15:20:41"}
{"level":"info","message":"Server running on port 8081","service":"user-service","timestamp":"2024-08-14 15:20:41"}
{"level":"info","message":"MongoDB connected...","service":"user-service","timestamp":"2024-08-14 15:20:45"}
{"level":"info","message":"Server running on port 8081","service":"user-service","timestamp":"2024-08-14 15:20:45"}
{"level":"info","message":"MongoDB connected...","service":"user-service","timestamp":"2024-08-14 15:20:49"}
{"level":"info","message":"Server running on port 8081","service":"user-service","timestamp":"2024-08-14 15:20:49"}
{"level":"info","message":"MongoDB connected...","service":"user-service","timestamp":"2024-08-14 15:20:55"}
{"level":"info","message":"Server running on port 8081","service":"user-service","timestamp":"2024-08-14 15:20:55"}
{"level":"info","message":"MongoDB connected...","service":"user-service","timestamp":"2024-08-14 15:21:04"}
{"level":"info","message":"Server running on port 8081","service":"user-service","timestamp":"2024-08-14 15:21:04"}
{"level":"info","message":"MongoDB connected...","service":"user-service","timestamp":"2024-08-14 15:21:19"}
{"level":"info","message":"Server running on port 8081","service":"user-service","timestamp":"2024-08-14 15:21:19"}
{"level":"info","message":"MongoDB connected...","service":"user-service","timestamp":"2024-08-14 15:21:23"}
{"level":"info","message":"Server running on port 8081","service":"user-service","timestamp":"2024-08-14 15:21:23"}
{"level":"info","message":"MongoDB connected...","service":"user-service","timestamp":"2024-08-14 15:21:28"}
{"level":"info","message":"Server running on port 8081","service":"user-service","timestamp":"2024-08-14 15:21:28"}
{"level":"info","message":"MongoDB connected...","service":"user-service","timestamp":"2024-08-14 15:21:31"}
{"level":"info","message":"Server running on port 8081","service":"user-service","timestamp":"2024-08-14 15:21:31"}
{"level":"info","message":"MongoDB connected...","service":"user-service","timestamp":"2024-08-14 15:28:24"}
{"level":"info","message":"Server running on port 8081","service":"user-service","timestamp":"2024-08-14 15:28:24"}
{"level":"info","message":"MongoDB connected...","service":"user-service","timestamp":"2024-08-14 15:31:44"}
{"level":"info","message":"Server running on port 8081","service":"user-service","timestamp":"2024-08-14 15:31:44"}
{"level":"info","message":"MongoDB connected...","service":"user-service","timestamp":"2024-08-14 15:32:32"}
{"level":"info","message":"Server running on port 8081","service":"user-service","timestamp":"2024-08-14 15:32:32"}
{"level":"info","message":"MongoDB connected...","service":"user-service","timestamp":"2024-08-14 15:35:41"}
{"level":"info","message":"Server running on port 8081","service":"user-service","timestamp":"2024-08-14 15:35:41"}
{"level":"info","message":"MongoDB connected...","service":"user-service","timestamp":"2024-08-14 15:37:43"}
{"level":"info","message":"Server running on port 8081","service":"user-service","timestamp":"2024-08-14 15:37:43"}
{"level":"info","message":"MongoDB connected...","service":"user-service","timestamp":"2024-08-14 15:39:45"}
{"level":"info","message":"Server running on port 8081","service":"user-service","timestamp":"2024-08-14 15:39:45"}
{"level":"info","message":"MongoDB connected...","service":"user-service","timestamp":"2024-08-14 15:41:47"}
{"level":"info","message":"Server running on port 8081","service":"user-service","timestamp":"2024-08-14 15:41:47"}
{"level":"info","message":"MongoDB connected...","service":"user-service","timestamp":"2024-08-14 15:43:27"}
{"level":"info","message":"Server running on port 8081","service":"user-service","timestamp":"2024-08-14 15:43:27"}
{"level":"info","message":"MongoDB connected...","service":"user-service","timestamp":"2024-08-14 15:43:34"}
{"level":"info","message":"Server running on port 8081","service":"user-service","timestamp":"2024-08-14 15:43:34"}
{"level":"info","message":"MongoDB connected...","service":"user-service","timestamp":"2024-08-14 15:43:41"}
{"level":"info","message":"Server running on port 8081","service":"user-service","timestamp":"2024-08-14 15:43:41"}
{"level":"info","message":"MongoDB connected...","service":"user-service","timestamp":"2024-08-14 15:43:51"}
{"level":"info","message":"Server running on port 8081","service":"user-service","timestamp":"2024-08-14 15:43:51"}
{"level":"info","message":"MongoDB connected...","service":"user-service","timestamp":"2024-08-14 15:44:05"}
{"level":"info","message":"Server running on port 8081","service":"user-service","timestamp":"2024-08-14 15:44:05"}
{"level":"info","message":"MongoDB connected...","service":"user-service","timestamp":"2024-08-14 15:45:08"}
{"level":"info","message":"Server running on port 8081","service":"user-service","timestamp":"2024-08-14 15:45:08"}
{"level":"info","message":"MongoDB connected...","service":"user-service","timestamp":"2024-08-14 15:45:13"}
{"level":"info","message":"Server running on port 8081","service":"user-service","timestamp":"2024-08-14 15:45:13"}
{"level":"info","message":"MongoDB connected...","service":"user-service","timestamp":"2024-08-14 15:45:28"}
{"level":"info","message":"Server running on port 8081","service":"user-service","timestamp":"2024-08-14 15:45:28"}
{"level":"info","message":"MongoDB connected...","service":"user-service","timestamp":"2024-08-14 15:45:43"}
{"level":"info","message":"Server running on port 8081","service":"user-service","timestamp":"2024-08-14 15:45:43"}
{"level":"info","message":"MongoDB connected...","service":"user-service","timestamp":"2024-08-14 15:45:52"}
{"level":"info","message":"Server running on port 8081","service":"user-service","timestamp":"2024-08-14 15:45:52"}
{"level":"info","message":"MongoDB connected...","service":"user-service","timestamp":"2024-08-14 15:46:27"}
{"level":"info","message":"Server running on port 8081","service":"user-service","timestamp":"2024-08-14 15:46:27"}
{"level":"info","message":"MongoDB connected...","service":"user-service","timestamp":"2024-08-14 16:00:33"}
{"level":"info","message":"Server running on port 8081","service":"user-service","timestamp":"2024-08-14 16:00:33"}
{"level":"info","message":"MongoDB connected...","service":"user-service","timestamp":"2024-08-14 16:00:55"}
{"level":"info","message":"Server running on port 8081","service":"user-service","timestamp":"2024-08-14 16:00:55"}
{"level":"info","message":"MongoDB connected...","service":"user-service","timestamp":"2024-08-14 16:03:56"}
{"level":"info","message":"Server running on port 8081","service":"user-service","timestamp":"2024-08-14 16:03:56"}
{"level":"info","message":"MongoDB connected...","service":"user-service","timestamp":"2024-08-14 16:04:57"}
{"level":"info","message":"Server running on port 8081","service":"user-service","timestamp":"2024-08-14 16:04:57"}
{"level":"info","message":"MongoDB connected...","service":"user-service","timestamp":"2024-08-14 16:35:10"}
{"level":"info","message":"Server running on port 8080","service":"user-service","timestamp":"2024-08-14 16:35:10"}
{"level":"info","message":"MongoDB connected...","service":"user-service","timestamp":"2024-08-14 16:57:43"}
{"level":"info","message":"Server running on port 8080","service":"user-service","timestamp":"2024-08-14 16:57:43"}
{"level":"info","message":"MongoDB connected...","service":"user-service","timestamp":"2024-08-14 16:58:44"}
{"level":"info","message":"Server running on port 8080","service":"user-service","timestamp":"2024-08-14 16:58:44"}
{"level":"info","message":"MongoDB connected...","service":"user-service","timestamp":"2024-08-14 17:00:33"}
{"level":"info","message":"Server running on port 8080","service":"user-service","timestamp":"2024-08-14 17:00:33"}
{"level":"info","message":"MongoDB connected...","service":"user-service","timestamp":"2024-08-14 17:14:24"}
{"level":"info","message":"Server running on port 8080","service":"user-service","timestamp":"2024-08-14 17:14:25"}
{"level":"info","message":"MongoDB connected...","service":"user-service","timestamp":"2024-08-14 17:15:19"}
{"level":"info","message":"Server running on port 8080","service":"user-service","timestamp":"2024-08-14 17:15:19"}
{"level":"info","message":"MongoDB connected...","service":"user-service","timestamp":"2024-08-14 17:16:09"}
{"level":"info","message":"Server running on port 8080","service":"user-service","timestamp":"2024-08-14 17:16:09"}
{"level":"info","message":"MongoDB connected...","service":"user-service","timestamp":"2024-08-14 17:16:34"}
{"level":"info","message":"Server running on port 8080","service":"user-service","timestamp":"2024-08-14 17:16:34"}
{"level":"info","message":"MongoDB connected...","service":"user-service","timestamp":"2024-08-14 17:16:45"}
{"level":"info","message":"Server running on port 8080","service":"user-service","timestamp":"2024-08-14 17:16:45"}
{"level":"info","message":"MongoDB connected...","service":"user-service","timestamp":"2024-08-14 17:33:17"}
{"level":"info","message":"Server running on port 8080","service":"user-service","timestamp":"2024-08-14 17:33:17"}
{"level":"info","message":"MongoDB connected...","service":"user-service","timestamp":"2024-08-14 17:39:06"}
{"level":"info","message":"Server running on port 8080","service":"user-service","timestamp":"2024-08-14 17:39:06"}
{"level":"info","message":"MongoDB connected...","service":"user-service","timestamp":"2024-08-14 17:50:38"}
{"level":"info","message":"Server running on port 8080","service":"user-service","timestamp":"2024-08-14 17:50:38"}
{"level":"info","message":"MongoDB connected...","service":"user-service","timestamp":"2024-08-14 17:52:29"}
{"level":"info","message":"Server running on port 8080","service":"user-service","timestamp":"2024-08-14 17:52:29"}
{"level":"info","message":"MongoDB connected...","service":"user-service","timestamp":"2024-08-14 17:52:51"}
{"level":"info","message":"Server running on port 8080","service":"user-service","timestamp":"2024-08-14 17:52:51"}
{"level":"info","message":"MongoDB connected...","service":"user-service","timestamp":"2024-08-14 17:55:52"}
{"level":"info","message":"Server running on port 8080","service":"user-service","timestamp":"2024-08-14 17:55:52"}
{"level":"info","message":"MongoDB connected...","service":"user-service","timestamp":"2024-08-14 17:56:01"}
{"level":"info","message":"Server running on port 8080","service":"user-service","timestamp":"2024-08-14 17:56:01"}
{"level":"info","message":"MongoDB connected...","service":"user-service","timestamp":"2024-08-14 17:56:10"}
{"level":"info","message":"Server running on port 8080","service":"user-service","timestamp":"2024-08-14 17:56:10"}
{"level":"info","message":"MongoDB connected...","service":"user-service","timestamp":"2024-08-14 17:56:16"}
{"level":"info","message":"Server running on port 8080","service":"user-service","timestamp":"2024-08-14 17:56:16"}
{"level":"info","message":"MongoDB connected...","service":"user-service","timestamp":"2024-08-14 17:56:39"}
{"level":"info","message":"Server running on port 8080","service":"user-service","timestamp":"2024-08-14 17:56:39"}
{"level":"info","message":"MongoDB connected...","service":"user-service","timestamp":"2024-08-14 17:57:06"}
{"level":"info","message":"Server running on port 8080","service":"user-service","timestamp":"2024-08-14 17:57:06"}
{"level":"info","message":"MongoDB connected...","service":"user-service","timestamp":"2024-08-14 17:57:16"}
{"level":"info","message":"Server running on port 8080","service":"user-service","timestamp":"2024-08-14 17:57:16"}
{"level":"info","message":"MongoDB connected...","service":"user-service","timestamp":"2024-08-14 17:57:25"}
{"level":"info","message":"Server running on port 8080","service":"user-service","timestamp":"2024-08-14 17:57:25"}
{"level":"info","message":"MongoDB connected...","service":"user-service","timestamp":"2024-08-14 17:57:47"}
{"level":"info","message":"Server running on port 8080","service":"user-service","timestamp":"2024-08-14 17:57:47"}
{"level":"info","message":"MongoDB connected...","service":"user-service","timestamp":"2024-08-14 18:00:47"}
{"level":"info","message":"Server running on port 8080","service":"user-service","timestamp":"2024-08-14 18:00:47"}
{"level":"info","message":"MongoDB connected...","service":"user-service","timestamp":"2024-08-14 18:01:19"}
{"level":"info","message":"Server running on port 8080","service":"user-service","timestamp":"2024-08-14 18:01:19"}
{"level":"info","message":"MongoDB connected...","service":"user-service","timestamp":"2024-08-14 18:03:18"}
{"level":"info","message":"Server running on port 8080","service":"user-service","timestamp":"2024-08-14 18:03:18"}
{"level":"info","message":"MongoDB connected...","service":"user-service","timestamp":"2024-08-14 18:15:48"}
{"level":"info","message":"Server running on port 8080","service":"user-service","timestamp":"2024-08-14 18:15:48"}
{"level":"info","message":"MongoDB connected...","service":"user-service","timestamp":"2024-08-14 18:25:06"}
{"level":"info","message":"Server running on port 8080","service":"user-service","timestamp":"2024-08-14 18:25:06"}
{"level":"info","message":"MongoDB connected...","service":"user-service","timestamp":"2024-08-14 18:25:18"}
{"level":"info","message":"Server running on port 8080","service":"user-service","timestamp":"2024-08-14 18:25:18"}
{"level":"info","message":"MongoDB connected...","service":"user-service","timestamp":"2024-08-14 18:25:21"}
{"level":"info","message":"Server running on port 8080","service":"user-service","timestamp":"2024-08-14 18:25:21"}
{"level":"info","message":"MongoDB connected...","service":"user-service","timestamp":"2024-08-14 18:26:36"}
{"level":"info","message":"Server running on port 8080","service":"user-service","timestamp":"2024-08-14 18:26:36"}
{"level":"info","message":"MongoDB connected...","service":"user-service","timestamp":"2024-08-14 18:36:35"}
{"level":"info","message":"Server running on port 8080","service":"user-service","timestamp":"2024-08-14 18:36:35"}
{"level":"info","message":"MongoDB connected...","service":"user-service","timestamp":"2024-08-14 18:36:59"}
{"level":"info","message":"Server running on port 8080","service":"user-service","timestamp":"2024-08-14 18:36:59"}
{"level":"info","message":"MongoDB connected...","service":"user-service","timestamp":"2024-08-14 18:37:21"}
{"level":"info","message":"Server running on port 8080","service":"user-service","timestamp":"2024-08-14 18:37:21"}
{"level":"info","message":"MongoDB connected...","service":"user-service","timestamp":"2024-08-14 18:38:13"}
{"level":"info","message":"Server running on port 8080","service":"user-service","timestamp":"2024-08-14 18:38:13"}
{"level":"info","message":"MongoDB connected...","service":"user-service","timestamp":"2024-08-14 18:52:01"}
{"level":"info","message":"Server running on port 8080","service":"user-service","timestamp":"2024-08-14 18:52:01"}
{"level":"info","message":"MongoDB connected...","service":"user-service","timestamp":"2024-08-14 18:52:32"}
{"level":"info","message":"Server running on port 8080","service":"user-service","timestamp":"2024-08-14 18:52:32"}
{"level":"info","message":"MongoDB connected...","service":"user-service","timestamp":"2024-08-14 18:53:23"}
{"level":"info","message":"Server running on port 8080","service":"user-service","timestamp":"2024-08-14 18:53:23"}
{"level":"info","message":"MongoDB connected...","service":"user-service","timestamp":"2024-08-14 18:56:44"}
{"level":"info","message":"Server running on port 8080","service":"user-service","timestamp":"2024-08-14 18:56:44"}
{"level":"info","message":"MongoDB connected...","service":"user-service","timestamp":"2024-08-14 18:58:44"}
{"level":"info","message":"Server running on port 8080","service":"user-service","timestamp":"2024-08-14 18:58:44"}
{"level":"info","message":"MongoDB connected...","service":"user-service","timestamp":"2024-08-14 18:59:31"}
{"level":"info","message":"Server running on port 8080","service":"user-service","timestamp":"2024-08-14 18:59:31"}
{"level":"info","message":"MongoDB connected...","service":"user-service","timestamp":"2024-08-14 18:59:36"}
{"level":"info","message":"Server running on port 8080","service":"user-service","timestamp":"2024-08-14 18:59:36"}
{"level":"info","message":"MongoDB connected...","service":"user-service","timestamp":"2024-08-14 18:59:42"}
{"level":"info","message":"Server running on port 8080","service":"user-service","timestamp":"2024-08-14 18:59:42"}
{"level":"info","message":"MongoDB connected...","service":"user-service","timestamp":"2024-08-14 19:00:12"}
{"level":"info","message":"Server running on port 8080","service":"user-service","timestamp":"2024-08-14 19:00:12"}
{"level":"info","message":"MongoDB connected...","service":"user-service","timestamp":"2024-08-14 19:01:13"}
{"level":"info","message":"Server running on port 8080","service":"user-service","timestamp":"2024-08-14 19:01:13"}
{"level":"info","message":"MongoDB connected...","service":"user-service","timestamp":"2024-08-14 19:02:36"}
{"level":"info","message":"Server running on port 8080","service":"user-service","timestamp":"2024-08-14 19:02:36"}
{"level":"info","message":"MongoDB connected...","service":"user-service","timestamp":"2024-08-14 19:06:52"}
{"level":"info","message":"Server running on port 8080","service":"user-service","timestamp":"2024-08-14 19:06:52"}
{"level":"info","message":"MongoDB connected...","service":"user-service","timestamp":"2024-08-14 19:08:01"}
{"level":"info","message":"Server running on port 8080","service":"user-service","timestamp":"2024-08-14 19:08:01"}
{"level":"info","message":"MongoDB connected...","service":"user-service","timestamp":"2024-08-14 19:12:27"}
{"level":"info","message":"Server running on port 8080","service":"user-service","timestamp":"2024-08-14 19:12:27"}
{"level":"info","message":"MongoDB connected...","service":"user-service","timestamp":"2024-08-14 19:13:34"}
{"level":"info","message":"Server running on port 8080","service":"user-service","timestamp":"2024-08-14 19:13:34"}
{"level":"info","message":"MongoDB connected...","service":"user-service","timestamp":"2024-08-14 19:13:40"}
{"level":"info","message":"Server running on port 8080","service":"user-service","timestamp":"2024-08-14 19:13:40"}
{"level":"info","message":"MongoDB connected...","service":"user-service","timestamp":"2024-08-14 19:14:09"}
{"level":"info","message":"Server running on port 8080","service":"user-service","timestamp":"2024-08-14 19:14:09"}
{"level":"info","message":"MongoDB connected...","service":"user-service","timestamp":"2024-08-14 19:18:50"}
{"level":"info","message":"Server running on port 8080","service":"user-service","timestamp":"2024-08-14 19:18:50"}
{"level":"info","message":"MongoDB connected...","service":"user-service","timestamp":"2024-08-14 19:20:37"}
{"level":"info","message":"Server running on port 8080","service":"user-service","timestamp":"2024-08-14 19:20:37"}
{"level":"info","message":"MongoDB connected...","service":"user-service","timestamp":"2024-08-14 19:22:12"}
{"level":"info","message":"Server running on port 8080","service":"user-service","timestamp":"2024-08-14 19:22:12"}
{"level":"info","message":"MongoDB connected...","service":"user-service","timestamp":"2024-08-14 19:31:44"}
{"level":"info","message":"Server running on port 8080","service":"user-service","timestamp":"2024-08-14 19:31:44"}
{"level":"info","message":"MongoDB connected...","service":"user-service","timestamp":"2024-08-14 19:32:05"}
{"level":"info","message":"Server running on port 8080","service":"user-service","timestamp":"2024-08-14 19:32:05"}
{"level":"info","message":"MongoDB connected...","service":"user-service","timestamp":"2024-08-14 19:38:49"}
{"level":"info","message":"Server running on port 8080","service":"user-service","timestamp":"2024-08-14 19:38:49"}
{"level":"info","message":"MongoDB connected...","service":"user-service","timestamp":"2024-08-14 19:39:03"}
{"level":"info","message":"Server running on port 8080","service":"user-service","timestamp":"2024-08-14 19:39:03"}
{"level":"info","message":"MongoDB connected...","service":"user-service","timestamp":"2024-08-14 19:45:49"}
{"level":"info","message":"Server running on port 8080","service":"user-service","timestamp":"2024-08-14 19:45:49"}
{"level":"info","message":"MongoDB connected...","service":"user-service","timestamp":"2024-08-14 19:47:07"}
{"level":"info","message":"Server running on port 8080","service":"user-service","timestamp":"2024-08-14 19:47:07"}
{"level":"info","message":"MongoDB connected...","service":"user-service","timestamp":"2024-08-14 19:47:32"}
{"level":"info","message":"Server running on port 8080","service":"user-service","timestamp":"2024-08-14 19:47:32"}
{"level":"info","message":"MongoDB connected...","service":"user-service","timestamp":"2024-08-14 19:48:21"}
{"level":"info","message":"Server running on port 8080","service":"user-service","timestamp":"2024-08-14 19:48:21"}
{"level":"info","message":"MongoDB connected...","service":"user-service","timestamp":"2024-08-14 19:49:13"}
{"level":"info","message":"Server running on port 8080","service":"user-service","timestamp":"2024-08-14 19:49:13"}
{"level":"info","message":"MongoDB connected...","service":"user-service","timestamp":"2024-08-14 19:51:49"}
{"level":"info","message":"Server running on port 8080","service":"user-service","timestamp":"2024-08-14 19:51:49"}
{"level":"info","message":"MongoDB connected...","service":"user-service","timestamp":"2024-08-14 19:54:02"}
{"level":"info","message":"Server running on port 8080","service":"user-service","timestamp":"2024-08-14 19:54:02"}
{"level":"info","message":"MongoDB connected...","service":"user-service","timestamp":"2024-08-14 19:55:43"}
{"level":"info","message":"Server running on port 8080","service":"user-service","timestamp":"2024-08-14 19:55:43"}
{"level":"info","message":"MongoDB connected...","service":"user-service","timestamp":"2024-08-14 20:12:03"}
{"level":"info","message":"Server running on port 8080","service":"user-service","timestamp":"2024-08-14 20:12:03"}
{"level":"info","message":"MongoDB connected...","service":"user-service","timestamp":"2024-08-14 20:16:35"}
{"level":"info","message":"Server running on port 8080","service":"user-service","timestamp":"2024-08-14 20:16:35"}
{"level":"info","message":"MongoDB connected...","service":"user-service","timestamp":"2024-08-14 20:23:52"}
{"level":"info","message":"Server running on port 8080","service":"user-service","timestamp":"2024-08-14 20:23:52"}
{"level":"info","message":"MongoDB connected...","service":"user-service","timestamp":"2024-08-14 21:11:39"}
{"level":"info","message":"Server running on port 8080","service":"user-service","timestamp":"2024-08-14 21:11:39"}
{"level":"info","message":"MongoDB connected...","service":"user-service","timestamp":"2024-08-14 21:19:44"}
{"level":"info","message":"Server running on port 8080","service":"user-service","timestamp":"2024-08-14 21:19:44"}
{"level":"info","message":"MongoDB connected...","service":"user-service","timestamp":"2024-08-14 21:19:47"}
{"level":"info","message":"Server running on port 8080","service":"user-service","timestamp":"2024-08-14 21:19:47"}
{"level":"info","message":"MongoDB connected...","service":"user-service","timestamp":"2024-08-14 21:28:18"}
{"level":"info","message":"Server running on port 8080","service":"user-service","timestamp":"2024-08-14 21:28:18"}
{"level":"info","message":"MongoDB connected...","service":"user-service","timestamp":"2024-08-14 21:31:21"}
{"level":"info","message":"Server running on port 8080","service":"user-service","timestamp":"2024-08-14 21:31:21"}
{"level":"info","message":"MongoDB connected...","service":"user-service","timestamp":"2024-08-14 21:46:17"}
{"level":"info","message":"Server running on port 8080","service":"user-service","timestamp":"2024-08-14 21:46:17"}
{"level":"info","message":"MongoDB connected...","service":"user-service","timestamp":"2024-08-14 21:48:38"}
{"level":"info","message":"Server running on port 8080","service":"user-service","timestamp":"2024-08-14 21:48:38"}
{"level":"info","message":"MongoDB connected...","service":"user-service","timestamp":"2024-08-14 21:50:20"}
{"level":"info","message":"Server running on port 8080","service":"user-service","timestamp":"2024-08-14 21:50:20"}
{"level":"info","message":"MongoDB connected...","service":"user-service","timestamp":"2024-08-14 21:50:57"}
{"level":"info","message":"Server running on port 8080","service":"user-service","timestamp":"2024-08-14 21:50:57"}
{"level":"info","message":"MongoDB connected...","service":"user-service","timestamp":"2024-08-14 21:55:20"}
{"level":"info","message":"Server running on port 8080","service":"user-service","timestamp":"2024-08-14 21:55:20"}
{"level":"info","message":"MongoDB connected...","service":"user-service","timestamp":"2024-08-14 21:55:35"}
{"level":"info","message":"Server running on port 8080","service":"user-service","timestamp":"2024-08-14 21:55:35"}
{"level":"info","message":"MongoDB connected...","service":"user-service","timestamp":"2024-08-14 22:02:02"}
{"level":"info","message":"Server running on port 8080","service":"user-service","timestamp":"2024-08-14 22:02:02"}
{"level":"info","message":"MongoDB connected...","service":"user-service","timestamp":"2024-08-14 22:03:31"}
{"level":"info","message":"Server running on port 8080","service":"user-service","timestamp":"2024-08-14 22:03:31"}
{"level":"info","message":"MongoDB connected...","service":"user-service","timestamp":"2024-08-14 22:10:56"}
{"level":"info","message":"Server running on port 8080","service":"user-service","timestamp":"2024-08-14 22:10:56"}
{"level":"info","message":"MongoDB connected...","service":"user-service","timestamp":"2024-08-14 22:32:24"}
{"level":"info","message":"Server running on port 8080","service":"user-service","timestamp":"2024-08-14 22:32:24"}
{"level":"info","message":"MongoDB connected...","service":"user-service","timestamp":"2024-08-14 22:47:17"}
{"level":"info","message":"Server running on port 8080","service":"user-service","timestamp":"2024-08-14 22:47:17"}
{"level":"info","message":"MongoDB connected...","service":"user-service","timestamp":"2024-08-14 22:47:50"}
{"level":"info","message":"Server running on port 8080","service":"user-service","timestamp":"2024-08-14 22:47:50"}
{"level":"info","message":"MongoDB connected...","service":"user-service","timestamp":"2024-08-14 22:48:02"}
{"level":"info","message":"Server running on port 8080","service":"user-service","timestamp":"2024-08-14 22:48:02"}
{"level":"info","message":"MongoDB connected...","service":"user-service","timestamp":"2024-08-14 22:53:57"}
{"level":"info","message":"Server running on port 8080","service":"user-service","timestamp":"2024-08-14 22:53:57"}
{"level":"info","message":"MongoDB connected...","service":"user-service","timestamp":"2024-08-14 22:57:46"}
{"level":"info","message":"Server running on port 8080","service":"user-service","timestamp":"2024-08-14 22:57:46"}
{"level":"info","message":"MongoDB connected...","service":"user-service","timestamp":"2024-08-14 23:04:18"}
{"level":"info","message":"Server running on port 8080","service":"user-service","timestamp":"2024-08-14 23:04:18"}
{"level":"info","message":"MongoDB connected...","service":"user-service","timestamp":"2024-08-14 23:08:07"}
{"level":"info","message":"Server running on port 8080","service":"user-service","timestamp":"2024-08-14 23:08:07"}
{"level":"error","message":"500 - Login sessions require session support. Did you forget to use `express-session` middleware? - /api/users/login - POST - ::1","service":"user-service","timestamp":"2024-08-14 23:08:16"}
{"level":"info","message":"MongoDB connected...","service":"user-service","timestamp":"2024-08-14 23:08:25"}
{"level":"info","message":"Server running on port 8080","service":"user-service","timestamp":"2024-08-14 23:08:25"}
{"level":"info","message":"MongoDB connected...","service":"user-service","timestamp":"2024-08-14 23:13:13"}
{"level":"info","message":"Server running on port 8080","service":"user-service","timestamp":"2024-08-14 23:13:13"}
{"level":"info","message":"MongoDB connected...","service":"user-service","timestamp":"2024-08-14 23:13:38"}
{"level":"info","message":"Server running on port 8080","service":"user-service","timestamp":"2024-08-14 23:13:38"}
{"level":"info","message":"MongoDB connected...","service":"user-service","timestamp":"2024-08-15 16:58:13"}
{"level":"info","message":"Server running on port 8080","service":"user-service","timestamp":"2024-08-15 16:58:13"}
{"level":"info","message":"MongoDB connected...","service":"user-service","timestamp":"2024-08-17 16:49:49"}
{"level":"info","message":"Server running on port 8080","service":"user-service","timestamp":"2024-08-17 16:49:49"}
{"level":"info","message":"MongoDB connected...","service":"user-service","timestamp":"2024-08-17 17:00:49"}
{"level":"info","message":"Server running on port 8080","service":"user-service","timestamp":"2024-08-17 17:00:49"}
{"level":"info","message":"MongoDB connected...","service":"user-service","timestamp":"2024-08-17 17:03:16"}
{"level":"info","message":"Server running on port 8080","service":"user-service","timestamp":"2024-08-17 17:03:16"}
{"level":"info","message":"MongoDB connected...","service":"user-service","timestamp":"2024-08-17 17:04:42"}
{"level":"info","message":"Server running on port 8080","service":"user-service","timestamp":"2024-08-17 17:04:42"}
